Arguments: 
  C:\Program Files\nodejs\node.exe C:\Users\Sajid\AppData\Roaming\npm\node_modules\yarn\bin\yarn.js add @DracoSwap/remixd -g

PATH: 
  C:\Windows\system32;C:\Windows;C:\Windows\System32\Wbem;C:\Windows\System32\WindowsPowerShell\v1.0\;C:\Windows\System32\OpenSSH\;C:\Program Files (x86)\NVIDIA Corporation\PhysX\Common;C:\Program Files\NVIDIA Corporation\NVIDIA NvDLISR;C:\ProgramData\chocolatey\bin;C:\Program Files\dotnet\;C:\Program Files\nodejs\;C:\Users\Sajid\AppData\Local\Programs\Python\Python311\Scripts\;C:\Users\Sajid\AppData\Local\Programs\Python\Python311\;C:\Users\Sajid\.cargo\bin;C:\Users\Sajid\AppData\Local\Microsoft\WindowsApps;C:\Users\Sajid\AppData\Roaming\npm;C:\Users\Sajid\AppData\Local\GitHubDesktop\bin;C:\Users\Sajid\AppData\Local\Programs\Microsoft VS Code\bin

Yarn version: 
  1.22.19

Node version: 
  19.1.0

Platform: 
  win32 x64

Trace: 
  Error: https://registry.yarnpkg.com/@DracoSwap%2fremixd: Not found
      at params.callback [as _callback] (C:\Users\Sajid\AppData\Roaming\npm\node_modules\yarn\lib\cli.js:66145:18)
      at self.callback (C:\Users\Sajid\AppData\Roaming\npm\node_modules\yarn\lib\cli.js:140890:22)
      at Request.emit (node:events:513:28)
      at Request.<anonymous> (C:\Users\Sajid\AppData\Roaming\npm\node_modules\yarn\lib\cli.js:141862:10)
      at Request.emit (node:events:513:28)
      at IncomingMessage.<anonymous> (C:\Users\Sajid\AppData\Roaming\npm\node_modules\yarn\lib\cli.js:141784:12)
      at Object.onceWrapper (node:events:627:28)
      at IncomingMessage.emit (node:events:525:35)
      at endReadableNT (node:internal/streams/readable:1359:12)
      at process.processTicksAndRejections (node:internal/process/task_queues:82:21)

npm manifest: 
  {
    "dependencies": {
      "@remix-project/remixd": "^0.6.10"
    }
  }

yarn manifest: 
  No manifest

Lockfile: 
  No lockfile
